<?xml version="1.0" encoding="utf-8" standalone="no"?>
<test-run id="2" testcasecount="0" result="Failed" label="Invalid" total="0" passed="0" failed="0" inconclusive="0" skipped="0" asserts="0" engine-version="3.2.0.0" clr-version="4.0.30319.42000" start-time="2016-04-09 08:13:27Z" end-time="2016-04-09 08:13:27Z" duration="0.009478">
  <command-line><![CDATA["C:\Program Files (x86)\NUnit.org\nunit-console\nunit3-console.exe"  Nop.Services.Tests.dll]]></command-line>
  <test-suite type="Assembly" id="0-1" name="Nop.Services.Tests.dll" fullname="C:\Users\Chris\Desktop\jenkins-labs-1\Nop.Services.Tests.dll" testcasecount="0" runstate="NotRunnable" result="Failed" label="Invalid">
    <properties>
      <property name="_SKIPREASON" value="File not found: C:\Users\Chris\Desktop\jenkins-labs-1\Nop.Services.Tests.dll" />
    </properties>
    <reason>
      <message>File not found: C:\Users\Chris\Desktop\jenkins-labs-1\Nop.Services.Tests.dll</message>
    </reason>
  </test-suite>
</test-run>