<?xml version="1.0" encoding="utf-8" standalone="no"?>
<test-run id="2" testcasecount="81" result="Passed" total="81" passed="0" failed="0" inconclusive="0" skipped="0" asserts="0" engine-version="3.2.0.0" clr-version="4.0.30319.42000" start-time="2016-04-09 08:16:39Z" end-time="2016-04-09 08:16:40Z" duration="1.491771">
  <command-line><![CDATA["C:\Program Files (x86)\NUnit.org\nunit-console\nunit3-console.exe"  Nop.Core.Tests.dll]]></command-line>
  <test-suite type="Assembly" id="1-1101" name="C:\Users\Chris\Desktop\jenkins-labs-1\Tests\Nop.Core.Tests\bin\Debug\Nop.Core.Tests.dll" fullname="C:\Users\Chris\Desktop\jenkins-labs-1\Tests\Nop.Core.Tests\bin\Debug\Nop.Core.Tests.dll" runstate="Runnable" testcasecount="81" result="Passed" duration="1.438025" total="81" passed="0" failed="0" inconclusive="0" skipped="0" asserts="0">
    <properties>
      <property name="_PID" value="880" />
      <property name="_APPDOMAIN" value="test-domain-" />
    </properties>
    <test-suite type="Namespace" id="1-1102" name="Nop" fullname="Nop" runstate="Runnable" testcasecount="81" result="Passed" duration="1.421108" total="81" passed="0" failed="0" inconclusive="0" skipped="0" asserts="0">
      <test-suite type="Namespace" id="1-1103" name="Core" fullname="Nop.Core" runstate="Runnable" testcasecount="81" result="Passed" duration="1.415005" total="81" passed="0" failed="0" inconclusive="0" skipped="0" asserts="0">
        <test-suite type="Namespace" id="1-1104" name="Tests" fullname="Nop.Core.Tests" runstate="Runnable" testcasecount="81" result="Passed" duration="1.409054" total="81" passed="0" failed="0" inconclusive="0" skipped="0" asserts="0">
          <test-suite type="Namespace" id="1-1117" name="Caching" fullname="Nop.Core.Tests.Caching" runstate="Runnable" testcasecount="3" result="Passed" duration="0.238907" total="3" passed="0" failed="0" inconclusive="0" skipped="0" asserts="0">
            <test-suite type="TestFixture" id="1-1097" name="MemoryCacheManagerTests" fullname="Nop.Core.Tests.Caching.MemoryCacheManagerTests" runstate="Runnable" testcasecount="3" result="Passed" duration="0.236354" total="3" passed="0" failed="0" inconclusive="0" skipped="0" asserts="0">
              <test-case id="1-1100" name="Can_clear_cache" fullname="Nop.Core.Tests.Caching.MemoryCacheManagerTests.Can_clear_cache" runstate="Runnable" result="Passed" duration="0.215744" asserts="1" />
              <test-case id="1-1098" name="Can_set_and_get_object_from_cache" fullname="Nop.Core.Tests.Caching.MemoryCacheManagerTests.Can_set_and_get_object_from_cache" runstate="Runnable" result="Passed" duration="0.006676" asserts="1" />
              <test-case id="1-1099" name="Can_validate_whetherobject_is_cached" fullname="Nop.Core.Tests.Caching.MemoryCacheManagerTests.Can_validate_whetherobject_is_cached" runstate="Runnable" result="Passed" duration="0.000480" asserts="2" />
            </test-suite>
          </test-suite>
          <test-suite type="TestFixture" id="1-1000" name="CommonHelperEmailValidatorTests" fullname="Nop.Core.Tests.CommonHelperEmailValidatorTests" runstate="Runnable" testcasecount="7" result="Passed" duration="0.110682" total="7" passed="0" failed="0" inconclusive="0" skipped="0" asserts="0">
            <test-case id="1-1006" name="This_should_not_hang" fullname="Nop.Core.Tests.CommonHelperEmailValidatorTests.This_should_not_hang" runstate="Runnable" result="Passed" duration="0.100158" asserts="1" />
            <test-case id="1-1007" name="When_email_address_contains_upper_cases_then_the_validator_should_pass" fullname="Nop.Core.Tests.CommonHelperEmailValidatorTests.When_email_address_contains_upper_cases_then_the_validator_should_pass" runstate="Runnable" result="Passed" duration="0.003559" asserts="2" />
            <test-case id="1-1002" name="When_the_text_is_a_valid_email_address_including_plus_validator_should_pass" fullname="Nop.Core.Tests.CommonHelperEmailValidatorTests.When_the_text_is_a_valid_email_address_including_plus_validator_should_pass" runstate="Runnable" result="Passed" duration="0.000267" asserts="1" />
            <test-case id="1-1001" name="When_the_text_is_a_valid_email_address_then_the_validator_should_pass" fullname="Nop.Core.Tests.CommonHelperEmailValidatorTests.When_the_text_is_a_valid_email_address_then_the_validator_should_pass" runstate="Runnable" result="Passed" duration="0.000256" asserts="1" />
            <test-case id="1-1004" name="When_the_text_is_empty_then_the_validator_should_fail" fullname="Nop.Core.Tests.CommonHelperEmailValidatorTests.When_the_text_is_empty_then_the_validator_should_fail" runstate="Runnable" result="Passed" duration="0.000268" asserts="1" />
            <test-case id="1-1005" name="When_the_text_is_not_a_valid_email_address_then_the_validator_should_fail" fullname="Nop.Core.Tests.CommonHelperEmailValidatorTests.When_the_text_is_not_a_valid_email_address_then_the_validator_should_fail" runstate="Runnable" result="Passed" duration="0.000240" asserts="1" />
            <test-case id="1-1003" name="When_the_text_is_null_then_the_validator_should_fail" fullname="Nop.Core.Tests.CommonHelperEmailValidatorTests.When_the_text_is_null_then_the_validator_should_fail" runstate="Runnable" result="Passed" duration="0.000238" asserts="1" />
          </test-suite>
          <test-suite type="TestFixture" id="1-1008" name="CommonHelperTests" fullname="Nop.Core.Tests.CommonHelperTests" runstate="Runnable" testcasecount="1" result="Passed" duration="0.029486" total="1" passed="0" failed="0" inconclusive="0" skipped="0" asserts="0">
            <test-case id="1-1009" name="Can_get_typed_value" fullname="Nop.Core.Tests.CommonHelperTests.Can_get_typed_value" runstate="Runnable" result="Passed" duration="0.028108" asserts="2" />
          </test-suite>
          <test-suite type="Namespace" id="1-1105" name="ComponentModel" fullname="Nop.Core.Tests.ComponentModel" runstate="Runnable" testcasecount="6" result="Passed" duration="0.115425" total="6" passed="0" failed="0" inconclusive="0" skipped="0" asserts="0">
            <test-suite type="TestFixture" id="1-1027" name="GenericListTypeConverter" fullname="Nop.Core.Tests.ComponentModel.GenericListTypeConverter" runstate="Runnable" testcasecount="6" result="Passed" duration="0.102189" total="6" passed="0" failed="0" inconclusive="0" skipped="0" asserts="0">
              <test-case id="1-1032" name="Can_convert_int_list_to_string" fullname="Nop.Core.Tests.ComponentModel.GenericListTypeConverter.Can_convert_int_list_to_string" runstate="Runnable" result="Passed" duration="0.015001" asserts="2" />
              <test-case id="1-1033" name="Can_convert_string_list_to_string" fullname="Nop.Core.Tests.ComponentModel.GenericListTypeConverter.Can_convert_string_list_to_string" runstate="Runnable" result="Passed" duration="0.001996" asserts="2" />
              <test-case id="1-1030" name="Can_get_int_list_from_string" fullname="Nop.Core.Tests.ComponentModel.GenericListTypeConverter.Can_get_int_list_from_string" runstate="Runnable" result="Passed" duration="0.011758" asserts="2" />
              <test-case id="1-1028" name="Can_get_int_list_type_converter" fullname="Nop.Core.Tests.ComponentModel.GenericListTypeConverter.Can_get_int_list_type_converter" runstate="Runnable" result="Passed" duration="0.000512" asserts="1" />
              <test-case id="1-1031" name="Can_get_string_list_from_string" fullname="Nop.Core.Tests.ComponentModel.GenericListTypeConverter.Can_get_string_list_from_string" runstate="Runnable" result="Passed" duration="0.004501" asserts="2" />
              <test-case id="1-1029" name="Can_get_string_list_type_converter" fullname="Nop.Core.Tests.ComponentModel.GenericListTypeConverter.Can_get_string_list_type_converter" runstate="Runnable" result="Passed" duration="0.000490" asserts="1" />
            </test-suite>
          </test-suite>
          <test-suite type="Namespace" id="1-1108" name="Domain" fullname="Nop.Core.Tests.Domain" runstate="Runnable" testcasecount="41" result="Passed" duration="0.529438" total="41" passed="0" failed="0" inconclusive="0" skipped="0" asserts="0">
            <test-suite type="Namespace" id="1-1114" name="Blogs" fullname="Nop.Core.Tests.Domain.Blogs" runstate="Runnable" testcasecount="1" result="Passed" duration="0.035277" total="1" passed="0" failed="0" inconclusive="0" skipped="0" asserts="0">
              <test-suite type="TestFixture" id="1-1086" name="BlogPostTests" fullname="Nop.Core.Tests.Domain.Blogs.BlogPostTests" runstate="Runnable" testcasecount="1" result="Passed" duration="0.009940" total="1" passed="0" failed="0" inconclusive="0" skipped="0" asserts="0">
                <test-case id="1-1087" name="Can_parse_tags" fullname="Nop.Core.Tests.Domain.Blogs.BlogPostTests.Can_parse_tags" runstate="Runnable" result="Passed" duration="0.001546" asserts="4" />
              </test-suite>
            </test-suite>
            <test-suite type="Namespace" id="1-1113" name="Catalog" fullname="Nop.Core.Tests.Domain.Catalog" runstate="Runnable" testcasecount="7" result="Passed" duration="0.019135" total="7" passed="0" failed="0" inconclusive="0" skipped="0" asserts="0">
              <test-suite type="TestFixture" id="1-1078" name="ProductExtensionTests" fullname="Nop.Core.Tests.Domain.Catalog.ProductExtensionTests" runstate="Runnable" testcasecount="7" result="Passed" duration="0.016040" total="7" passed="0" failed="0" inconclusive="0" skipped="0" asserts="0">
                <test-case id="1-1079" name="Can_parse_required_product_ids" fullname="Nop.Core.Tests.Domain.Catalog.ProductExtensionTests.Can_parse_required_product_ids" runstate="Runnable" result="Passed" duration="0.002325" asserts="4" />
                <test-case id="1-1084" name="Should_be_available_when_enddate_is_greater_than_somedate" fullname="Nop.Core.Tests.Domain.Catalog.ProductExtensionTests.Should_be_available_when_enddate_is_greater_than_somedate" runstate="Runnable" result="Passed" duration="0.001191" asserts="1" />
                <test-case id="1-1083" name="Should_be_available_when_enddate_is_not_set" fullname="Nop.Core.Tests.Domain.Catalog.ProductExtensionTests.Should_be_available_when_enddate_is_not_set" runstate="Runnable" result="Passed" duration="0.000313" asserts="1" />
                <test-case id="1-1081" name="Should_be_available_when_startdate_is_less_than_somedate" fullname="Nop.Core.Tests.Domain.Catalog.ProductExtensionTests.Should_be_available_when_startdate_is_less_than_somedate" runstate="Runnable" result="Passed" duration="0.000459" asserts="1" />
                <test-case id="1-1080" name="Should_be_available_when_startdate_is_not_set" fullname="Nop.Core.Tests.Domain.Catalog.ProductExtensionTests.Should_be_available_when_startdate_is_not_set" runstate="Runnable" result="Passed" duration="0.000292" asserts="1" />
                <test-case id="1-1085" name="Should_not_be_available_when_enddate_is_less_than_somedate" fullname="Nop.Core.Tests.Domain.Catalog.ProductExtensionTests.Should_not_be_available_when_enddate_is_less_than_somedate" runstate="Runnable" result="Passed" duration="0.000335" asserts="1" />
                <test-case id="1-1082" name="Should_not_be_available_when_startdate_is_greater_than_somedate" fullname="Nop.Core.Tests.Domain.Catalog.ProductExtensionTests.Should_not_be_available_when_startdate_is_greater_than_somedate" runstate="Runnable" result="Passed" duration="0.000327" asserts="1" />
              </test-suite>
            </test-suite>
            <test-suite type="Namespace" id="1-1112" name="Common" fullname="Nop.Core.Tests.Domain.Common" runstate="Runnable" testcasecount="1" result="Passed" duration="0.007133" total="1" passed="0" failed="0" inconclusive="0" skipped="0" asserts="0">
              <test-suite type="TestFixture" id="1-1076" name="AddressTests" fullname="Nop.Core.Tests.Domain.Common.AddressTests" runstate="Runnable" testcasecount="1" result="Passed" duration="0.006406" total="1" passed="0" failed="0" inconclusive="0" skipped="0" asserts="0">
                <test-case id="1-1077" name="Can_clone_address" fullname="Nop.Core.Tests.Domain.Common.AddressTests.Can_clone_address" runstate="Runnable" result="Passed" duration="0.005456" asserts="19" />
              </test-suite>
            </test-suite>
            <test-suite type="Namespace" id="1-1109" name="Configuration" fullname="Nop.Core.Tests.Domain.Configuration" runstate="Runnable" testcasecount="1" result="Passed" duration="0.002370" total="1" passed="0" failed="0" inconclusive="0" skipped="0" asserts="0">
              <test-suite type="TestFixture" id="1-1053" name="SettingTestFixture" fullname="Nop.Core.Tests.Domain.Configuration.SettingTestFixture" runstate="Runnable" testcasecount="1" result="Passed" duration="0.001662" total="1" passed="0" failed="0" inconclusive="0" skipped="0" asserts="0">
                <test-case id="1-1054" name="Can_create_setting" fullname="Nop.Core.Tests.Domain.Configuration.SettingTestFixture.Can_create_setting" runstate="Runnable" result="Passed" duration="0.000866" asserts="2" />
              </test-suite>
            </test-suite>
            <test-suite type="Namespace" id="1-1111" name="Customers" fullname="Nop.Core.Tests.Domain.Customers" runstate="Runnable" testcasecount="10" result="Passed" duration="0.019581" total="10" passed="0" failed="0" inconclusive="0" skipped="0" asserts="0">
              <test-suite type="TestFixture" id="1-1065" name="CustomerTests" fullname="Nop.Core.Tests.Domain.Customers.CustomerTests" runstate="Runnable" testcasecount="10" result="Passed" duration="0.018470" total="10" passed="0" failed="0" inconclusive="0" skipped="0" asserts="0">
                <test-case id="1-1072" name="Can_add_address" fullname="Nop.Core.Tests.Domain.Customers.CustomerTests.Can_add_address" runstate="Runnable" result="Passed" duration="0.002491" asserts="2" />
                <test-case id="1-1074" name="Can_add_rewardPointsHistoryEntry" fullname="Nop.Core.Tests.Domain.Customers.CustomerTests.Can_add_rewardPointsHistoryEntry" runstate="Runnable" result="Passed" duration="0.000152" asserts="0" />
                <test-case id="1-1066" name="Can_check_IsInCustomerRole" fullname="Nop.Core.Tests.Domain.Customers.CustomerTests.Can_check_IsInCustomerRole" runstate="Runnable" result="Passed" duration="0.003887" asserts="6" />
                <test-case id="1-1067" name="Can_check_whether_customer_is_admin" fullname="Nop.Core.Tests.Domain.Customers.CustomerTests.Can_check_whether_customer_is_admin" runstate="Runnable" result="Passed" duration="0.000900" asserts="2" />
                <test-case id="1-1068" name="Can_check_whether_customer_is_forum_moderator" fullname="Nop.Core.Tests.Domain.Customers.CustomerTests.Can_check_whether_customer_is_forum_moderator" runstate="Runnable" result="Passed" duration="0.000664" asserts="2" />
                <test-case id="1-1069" name="Can_check_whether_customer_is_guest" fullname="Nop.Core.Tests.Domain.Customers.CustomerTests.Can_check_whether_customer_is_guest" runstate="Runnable" result="Passed" duration="0.000567" asserts="2" />
                <test-case id="1-1070" name="Can_check_whether_customer_is_registered" fullname="Nop.Core.Tests.Domain.Customers.CustomerTests.Can_check_whether_customer_is_registered" runstate="Runnable" result="Passed" duration="0.000591" asserts="2" />
                <test-case id="1-1075" name="Can_get_rewardPointsHistoryBalance" fullname="Nop.Core.Tests.Domain.Customers.CustomerTests.Can_get_rewardPointsHistoryBalance" runstate="Runnable" result="Passed" duration="0.000147" asserts="0" />
                <test-case id="1-1073" name="Can_remove_address_assigned_as_billing_address" fullname="Nop.Core.Tests.Domain.Customers.CustomerTests.Can_remove_address_assigned_as_billing_address" runstate="Runnable" result="Passed" duration="0.002304" asserts="3" />
                <test-case id="1-1071" name="New_customer_has_clear_password_type" fullname="Nop.Core.Tests.Domain.Customers.CustomerTests.New_customer_has_clear_password_type" runstate="Runnable" result="Passed" duration="0.000586" asserts="1" />
              </test-suite>
            </test-suite>
            <test-suite type="TestFixture" id="1-1045" name="EntityEqualityTests" fullname="Nop.Core.Tests.Domain.EntityEqualityTests" runstate="Runnable" testcasecount="7" result="Passed" duration="0.007048" total="7" passed="0" failed="0" inconclusive="0" skipped="0" asserts="0">
              <test-case id="1-1049" name="Entities_with_different_id_should_not_be_equal" fullname="Nop.Core.Tests.Domain.EntityEqualityTests.Entities_with_different_id_should_not_be_equal" runstate="Runnable" result="Passed" duration="0.000838" asserts="1" />
              <test-case id="1-1051" name="Entities_with_same_id_but_different_type_should_not_be_equal" fullname="Nop.Core.Tests.Domain.EntityEqualityTests.Entities_with_same_id_but_different_type_should_not_be_equal" runstate="Runnable" result="Passed" duration="0.000585" asserts="1" />
              <test-case id="1-1050" name="Entity_should_not_equal_transient_entity" fullname="Nop.Core.Tests.Domain.EntityEqualityTests.Entity_should_not_equal_transient_entity" runstate="Runnable" result="Passed" duration="0.000214" asserts="1" />
              <test-case id="1-1052" name="Equality_works_using_operators" fullname="Nop.Core.Tests.Domain.EntityEqualityTests.Equality_works_using_operators" runstate="Runnable" result="Passed" duration="0.000280" asserts="2" />
              <test-case id="1-1047" name="Two_references_to_same_transient_entity_should_be_equal" fullname="Nop.Core.Tests.Domain.EntityEqualityTests.Two_references_to_same_transient_entity_should_be_equal" runstate="Runnable" result="Passed" duration="0.000381" asserts="1" />
              <test-case id="1-1048" name="Two_references_with_the_same_id_should_be_equal" fullname="Nop.Core.Tests.Domain.EntityEqualityTests.Two_references_with_the_same_id_should_be_equal" runstate="Runnable" result="Passed" duration="0.000233" asserts="1" />
              <test-case id="1-1046" name="Two_transient_entities_should_not_be_equal" fullname="Nop.Core.Tests.Domain.EntityEqualityTests.Two_transient_entities_should_not_be_equal" runstate="Runnable" result="Passed" duration="0.000205" asserts="1" />
            </test-suite>
            <test-suite type="Namespace" id="1-1110" name="Orders" fullname="Nop.Core.Tests.Domain.Orders" runstate="Runnable" testcasecount="8" result="Passed" duration="0.020362" total="8" passed="0" failed="0" inconclusive="0" skipped="0" asserts="0">
              <test-suite type="TestFixture" id="1-1062" name="GiftCardTests" fullname="Nop.Core.Tests.Domain.Orders.GiftCardTests" runstate="Runnable" testcasecount="2" result="Passed" duration="0.007249" total="2" passed="0" failed="0" inconclusive="0" skipped="0" asserts="0">
                <test-case id="1-1064" name="Can_calculate_giftCard_remainingAmount" fullname="Nop.Core.Tests.Domain.Orders.GiftCardTests.Can_calculate_giftCard_remainingAmount" runstate="Runnable" result="Passed" duration="0.003527" asserts="1" />
                <test-case id="1-1063" name="Can_validate_giftCard" fullname="Nop.Core.Tests.Domain.Orders.GiftCardTests.Can_validate_giftCard" runstate="Runnable" result="Passed" duration="0.001201" asserts="4" />
              </test-suite>
              <test-suite type="TestFixture" id="1-1055" name="RecurringPaymentTests" fullname="Nop.Core.Tests.Domain.Orders.RecurringPaymentTests" runstate="Runnable" testcasecount="6" result="Passed" duration="0.011272" total="6" passed="0" failed="0" inconclusive="0" skipped="0" asserts="0">
                <test-case id="1-1056" name="Can_calculate_nextPaymentDate_with_days_as_cycle_period" fullname="Nop.Core.Tests.Domain.Orders.RecurringPaymentTests.Can_calculate_nextPaymentDate_with_days_as_cycle_period" runstate="Runnable" result="Passed" duration="0.003903" asserts="4" />
                <test-case id="1-1058" name="Can_calculate_nextPaymentDate_with_months_as_cycle_period" fullname="Nop.Core.Tests.Domain.Orders.RecurringPaymentTests.Can_calculate_nextPaymentDate_with_months_as_cycle_period" runstate="Runnable" result="Passed" duration="0.000680" asserts="4" />
                <test-case id="1-1057" name="Can_calculate_nextPaymentDate_with_weeks_as_cycle_period" fullname="Nop.Core.Tests.Domain.Orders.RecurringPaymentTests.Can_calculate_nextPaymentDate_with_weeks_as_cycle_period" runstate="Runnable" result="Passed" duration="0.000674" asserts="4" />
                <test-case id="1-1059" name="Can_calculate_nextPaymentDate_with_years_as_cycle_period" fullname="Nop.Core.Tests.Domain.Orders.RecurringPaymentTests.Can_calculate_nextPaymentDate_with_years_as_cycle_period" runstate="Runnable" result="Passed" duration="0.000659" asserts="4" />
                <test-case id="1-1061" name="Can_calculate_number_of_remaining_cycle" fullname="Nop.Core.Tests.Domain.Orders.RecurringPaymentTests.Can_calculate_number_of_remaining_cycle" runstate="Runnable" result="Passed" duration="0.000870" asserts="5" />
                <test-case id="1-1060" name="Next_payment_date_is_null_when_recurring_payment_is_not_active" fullname="Nop.Core.Tests.Domain.Orders.RecurringPaymentTests.Next_payment_date_is_null_when_recurring_payment_is_not_active" runstate="Runnable" result="Passed" duration="0.000498" asserts="4" />
              </test-suite>
            </test-suite>
            <test-suite type="Namespace" id="1-1115" name="Shipping" fullname="Nop.Core.Tests.Domain.Shipping" runstate="Runnable" testcasecount="4" result="Passed" duration="0.395880" total="4" passed="0" failed="0" inconclusive="0" skipped="0" asserts="0">
              <test-suite type="TestFixture" id="1-1088" name="ShippingOptionListTypeConverterTests" fullname="Nop.Core.Tests.Domain.Shipping.ShippingOptionListTypeConverterTests" runstate="Runnable" testcasecount="2" result="Passed" duration="0.377362" total="2" passed="0" failed="0" inconclusive="0" skipped="0" asserts="0">
                <test-case id="1-1090" name="Can_convert_shippingOptionList_to_string_and_back" fullname="Nop.Core.Tests.Domain.Shipping.ShippingOptionListTypeConverterTests.Can_convert_shippingOptionList_to_string_and_back" runstate="Runnable" result="Passed" duration="0.374872" asserts="10" />
                <test-case id="1-1089" name="Can_get_type_converter" fullname="Nop.Core.Tests.Domain.Shipping.ShippingOptionListTypeConverterTests.Can_get_type_converter" runstate="Runnable" result="Passed" duration="0.000424" asserts="1" />
              </test-suite>
              <test-suite type="TestFixture" id="1-1091" name="ShippingOptionTypeConverterTests" fullname="Nop.Core.Tests.Domain.Shipping.ShippingOptionTypeConverterTests" runstate="Runnable" testcasecount="2" result="Passed" duration="0.016900" total="2" passed="0" failed="0" inconclusive="0" skipped="0" asserts="0">
                <test-case id="1-1093" name="Can_convert_shippingOption_to_string_and_back" fullname="Nop.Core.Tests.Domain.Shipping.ShippingOptionTypeConverterTests.Can_convert_shippingOption_to_string_and_back" runstate="Runnable" result="Passed" duration="0.014832" asserts="5" />
                <test-case id="1-1092" name="Can_get_type_converter" fullname="Nop.Core.Tests.Domain.Shipping.ShippingOptionTypeConverterTests.Can_get_type_converter" runstate="Runnable" result="Passed" duration="0.000368" asserts="1" />
              </test-suite>
            </test-suite>
            <test-suite type="Namespace" id="1-1116" name="Stores" fullname="Nop.Core.Tests.Domain.Stores" runstate="Runnable" testcasecount="2" result="Passed" duration="0.004784" total="2" passed="0" failed="0" inconclusive="0" skipped="0" asserts="0">
              <test-suite type="TestFixture" id="1-1094" name="StoreExtensionsTests" fullname="Nop.Core.Tests.Domain.Stores.StoreExtensionsTests" runstate="Runnable" testcasecount="2" result="Passed" duration="0.003993" total="2" passed="0" failed="0" inconclusive="0" skipped="0" asserts="0">
                <test-case id="1-1096" name="Can_find_host_value" fullname="Nop.Core.Tests.Domain.Stores.StoreExtensionsTests.Can_find_host_value" runstate="Runnable" result="Passed" duration="0.002093" asserts="6" />
                <test-case id="1-1095" name="Can_parse_host_values" fullname="Nop.Core.Tests.Domain.Stores.StoreExtensionsTests.Can_parse_host_values" runstate="Runnable" result="Passed" duration="0.000378" asserts="3" />
              </test-suite>
            </test-suite>
          </test-suite>
          <test-suite type="TestFixture" id="1-1025" name="ExtensionsTests" fullname="Nop.Core.Tests.ExtensionsTests" runstate="Runnable" testcasecount="1" result="Passed" duration="0.001892" total="1" passed="0" failed="0" inconclusive="0" skipped="0" asserts="0">
            <test-case id="1-1026" name="Can_check_IsNullOrDefault" fullname="Nop.Core.Tests.ExtensionsTests.Can_check_IsNullOrDefault" runstate="Runnable" result="Passed" duration="0.000823" asserts="3" />
          </test-suite>
          <test-suite type="Namespace" id="1-1106" name="Infrastructure" fullname="Nop.Core.Tests.Infrastructure" runstate="Runnable" testcasecount="8" result="Passed" duration="0.319663" total="8" passed="0" failed="0" inconclusive="0" skipped="0" asserts="0">
            <test-suite type="Namespace" id="1-1107" name="DependencyManagement" fullname="Nop.Core.Tests.Infrastructure.DependencyManagement" runstate="Runnable" testcasecount="1" result="Passed" duration="0.207578" total="1" passed="0" failed="0" inconclusive="0" skipped="0" asserts="0">
              <test-suite type="TestFixture" id="1-1043" name="AutofacTests" fullname="Nop.Core.Tests.Infrastructure.DependencyManagement.AutofacTests" runstate="Runnable" testcasecount="1" result="Passed" duration="0.205447" total="1" passed="0" failed="0" inconclusive="0" skipped="0" asserts="0">
                <test-case id="1-1044" name="EnumerablesFromDifferentLifetimeScopesShouldReturnDifferentCollections" fullname="Nop.Core.Tests.Infrastructure.DependencyManagement.AutofacTests.EnumerablesFromDifferentLifetimeScopesShouldReturnDifferentCollections" runstate="Runnable" result="Passed" duration="0.204190" asserts="6">
                  <properties>
                    <property name="_DESCRIPTION" value="Exercises a problem in a previous version, to make sure older Autofac.dll isn't picked up" />
                  </properties>
                </test-case>
              </test-suite>
            </test-suite>
            <test-suite type="TestFixture" id="1-1034" name="SingletonTests" fullname="Nop.Core.Tests.Infrastructure.SingletonTests" runstate="Runnable" testcasecount="6" result="Passed" duration="0.010863" total="6" passed="0" failed="0" inconclusive="0" skipped="0" asserts="0">
              <test-case id="1-1035" name="Singleton_IsNullByDefault" fullname="Nop.Core.Tests.Infrastructure.SingletonTests.Singleton_IsNullByDefault" runstate="Runnable" result="Passed" duration="0.000570" asserts="1" />
              <test-case id="1-1038" name="SingletonDictionary_CanStoreStuff" fullname="Nop.Core.Tests.Infrastructure.SingletonTests.SingletonDictionary_CanStoreStuff" runstate="Runnable" result="Passed" duration="0.002213" asserts="1" />
              <test-case id="1-1037" name="SingletonDictionary_IsCreatedByDefault" fullname="Nop.Core.Tests.Infrastructure.SingletonTests.SingletonDictionary_IsCreatedByDefault" runstate="Runnable" result="Passed" duration="0.000548" asserts="1" />
              <test-case id="1-1040" name="SingletonList_CanStoreItems" fullname="Nop.Core.Tests.Infrastructure.SingletonTests.SingletonList_CanStoreItems" runstate="Runnable" result="Passed" duration="0.001283" asserts="1" />
              <test-case id="1-1039" name="SingletonList_IsCreatedByDefault" fullname="Nop.Core.Tests.Infrastructure.SingletonTests.SingletonList_IsCreatedByDefault" runstate="Runnable" result="Passed" duration="0.000216" asserts="1" />
              <test-case id="1-1036" name="Singletons_ShareSame_SingletonsDictionary" fullname="Nop.Core.Tests.Infrastructure.SingletonTests.Singletons_ShareSame_SingletonsDictionary" runstate="Runnable" result="Passed" duration="0.002093" asserts="3" />
            </test-suite>
            <test-suite type="TestFixture" id="1-1041" name="TypeFinderTests" fullname="Nop.Core.Tests.Infrastructure.TypeFinderTests" runstate="Runnable" testcasecount="1" result="Passed" duration="0.098708" total="1" passed="0" failed="0" inconclusive="0" skipped="0" asserts="0">
              <test-case id="1-1042" name="TypeFinder_Benchmark_Findings" fullname="Nop.Core.Tests.Infrastructure.TypeFinderTests.TypeFinder_Benchmark_Findings" runstate="Runnable" result="Passed" duration="0.097664" asserts="2" />
            </test-suite>
          </test-suite>
          <test-suite type="TestFixture" id="1-1010" name="WebHelperTests" fullname="Nop.Core.Tests.WebHelperTests" runstate="Runnable" testcasecount="14" result="Passed" duration="0.030418" total="14" passed="0" failed="0" inconclusive="0" skipped="0" asserts="0">
            <test-case id="1-1018" name="Can_get_queryString" fullname="Nop.Core.Tests.WebHelperTests.Can_get_queryString" runstate="Runnable" result="Passed" duration="0.005779" asserts="3" />
            <test-case id="1-1011" name="Can_get_serverVariables" fullname="Nop.Core.Tests.WebHelperTests.Can_get_serverVariables" runstate="Runnable" result="Passed" duration="0.000960" asserts="3" />
            <test-case id="1-1013" name="Can_get_storeHost_with_ssl" fullname="Nop.Core.Tests.WebHelperTests.Can_get_storeHost_with_ssl" runstate="Runnable" result="Passed" duration="0.005210" asserts="1" />
            <test-case id="1-1012" name="Can_get_storeHost_without_ssl" fullname="Nop.Core.Tests.WebHelperTests.Can_get_storeHost_without_ssl" runstate="Runnable" result="Passed" duration="0.000453" asserts="1" />
            <test-case id="1-1016" name="Can_get_storeLocation_in_virtual_directory" fullname="Nop.Core.Tests.WebHelperTests.Can_get_storeLocation_in_virtual_directory" runstate="Runnable" result="Passed" duration="0.000951" asserts="1" />
            <test-case id="1-1015" name="Can_get_storeLocation_with_ssl" fullname="Nop.Core.Tests.WebHelperTests.Can_get_storeLocation_with_ssl" runstate="Runnable" result="Passed" duration="0.000422" asserts="1" />
            <test-case id="1-1014" name="Can_get_storeLocation_without_ssl" fullname="Nop.Core.Tests.WebHelperTests.Can_get_storeLocation_without_ssl" runstate="Runnable" result="Passed" duration="0.000359" asserts="1" />
            <test-case id="1-1022" name="Can_modify_queryString" fullname="Nop.Core.Tests.WebHelperTests.Can_modify_queryString" runstate="Runnable" result="Passed" duration="0.002400" asserts="3" />
            <test-case id="1-1024" name="Can_modify_queryString_new_anchor_should_remove_previous_one" fullname="Nop.Core.Tests.WebHelperTests.Can_modify_queryString_new_anchor_should_remove_previous_one" runstate="Runnable" result="Passed" duration="0.000345" asserts="1" />
            <test-case id="1-1023" name="Can_modify_queryString_with_anchor" fullname="Nop.Core.Tests.WebHelperTests.Can_modify_queryString_with_anchor" runstate="Runnable" result="Passed" duration="0.000301" asserts="1" />
            <test-case id="1-1019" name="Can_remove_queryString" fullname="Nop.Core.Tests.WebHelperTests.Can_remove_queryString" runstate="Runnable" result="Passed" duration="0.001508" asserts="3" />
            <test-case id="1-1021" name="Can_remove_queryString_should_ignore_input_parameter_case" fullname="Nop.Core.Tests.WebHelperTests.Can_remove_queryString_should_ignore_input_parameter_case" runstate="Runnable" result="Passed" duration="0.000326" asserts="1" />
            <test-case id="1-1020" name="Can_remove_queryString_should_return_lowerCased_result" fullname="Nop.Core.Tests.WebHelperTests.Can_remove_queryString_should_return_lowerCased_result" runstate="Runnable" result="Passed" duration="0.000348" asserts="1" />
            <test-case id="1-1017" name="Get_storeLocation_should_return_lowerCased_result" fullname="Nop.Core.Tests.WebHelperTests.Get_storeLocation_should_return_lowerCased_result" runstate="Runnable" result="Passed" duration="0.000340" asserts="1" />
          </test-suite>
        </test-suite>
      </test-suite>
    </test-suite>
  </test-suite>
</test-run>