<?xml version="1.0" encoding="utf-8" standalone="no"?>
<test-run id="2" testcasecount="146" result="Passed" total="146" passed="0" failed="0" inconclusive="0" skipped="0" asserts="0" engine-version="3.2.0.0" clr-version="4.0.30319.42000" start-time="2016-04-09 08:32:04Z" end-time="2016-04-09 08:32:23Z" duration="19.313246">
  <command-line><![CDATA["C:\Program Files (x86)\NUnit.org\nunit-console\nunit3-console.exe"  Nop.Services.Tests.dll]]></command-line>
  <test-suite type="Assembly" id="1-1176" name="C:\Users\Chris\Desktop\jenkins-labs-1\Tests\Nop.Services.Tests\bin\Debug\Nop.Services.Tests.dll" fullname="C:\Users\Chris\Desktop\jenkins-labs-1\Tests\Nop.Services.Tests\bin\Debug\Nop.Services.Tests.dll" runstate="Runnable" testcasecount="146" result="Passed" duration="19.206831" total="146" passed="0" failed="0" inconclusive="0" skipped="0" asserts="0">
    <properties>
      <property name="_PID" value="8616" />
      <property name="_APPDOMAIN" value="test-domain-" />
    </properties>
    <test-suite type="Namespace" id="1-1177" name="Nop" fullname="Nop" runstate="Runnable" testcasecount="146" result="Passed" duration="19.175355" total="146" passed="0" failed="0" inconclusive="0" skipped="0" asserts="0">
      <test-suite type="Namespace" id="1-1178" name="Services" fullname="Nop.Services" runstate="Runnable" testcasecount="146" result="Passed" duration="19.163753" total="146" passed="0" failed="0" inconclusive="0" skipped="0" asserts="0">
        <test-suite type="Namespace" id="1-1179" name="Tests" fullname="Nop.Services.Tests" runstate="Runnable" testcasecount="146" result="Passed" duration="19.153324" total="146" passed="0" failed="0" inconclusive="0" skipped="0" asserts="0">
          <test-suite type="Namespace" id="1-1195" name="Catalog" fullname="Nop.Services.Tests.Catalog" runstate="Runnable" testcasecount="28" result="Passed" duration="5.926361" total="28" passed="0" failed="0" inconclusive="0" skipped="0" asserts="0">
            <test-suite type="TestFixture" id="1-1155" name="PriceCalculationServiceTests" fullname="Nop.Services.Tests.Catalog.PriceCalculationServiceTests" runstate="Runnable" testcasecount="8" result="Passed" duration="1.012882" total="8" passed="0" failed="0" inconclusive="0" skipped="0" asserts="0">
              <test-case id="1-1156" name="Can_get_final_product_price" fullname="Nop.Services.Tests.Catalog.PriceCalculationServiceTests.Can_get_final_product_price" runstate="Runnable" result="Passed" duration="0.741925" asserts="2" />
              <test-case id="1-1159" name="Can_get_final_product_price_with_additionalFee" fullname="Nop.Services.Tests.Catalog.PriceCalculationServiceTests.Can_get_final_product_price_with_additionalFee" runstate="Runnable" result="Passed" duration="0.003420" asserts="1" />
              <test-case id="1-1160" name="Can_get_final_product_price_with_discount" fullname="Nop.Services.Tests.Catalog.PriceCalculationServiceTests.Can_get_final_product_price_with_discount" runstate="Runnable" result="Passed" duration="0.049402" asserts="1" />
              <test-case id="1-1161" name="Can_get_final_product_price_with_special_price" fullname="Nop.Services.Tests.Catalog.PriceCalculationServiceTests.Can_get_final_product_price_with_special_price" runstate="Runnable" result="Passed" duration="0.094683" asserts="3" />
              <test-case id="1-1157" name="Can_get_final_product_price_with_tier_prices" fullname="Nop.Services.Tests.Catalog.PriceCalculationServiceTests.Can_get_final_product_price_with_tier_prices" runstate="Runnable" result="Passed" duration="0.029545" asserts="4" />
              <test-case id="1-1158" name="Can_get_final_product_price_with_tier_prices_by_customerRole" fullname="Nop.Services.Tests.Catalog.PriceCalculationServiceTests.Can_get_final_product_price_with_tier_prices_by_customerRole" runstate="Runnable" result="Passed" duration="0.005039" asserts="5" />
              <test-case id="1-1163" name="Can_get_shopping_cart_item_subTotal" fullname="Nop.Services.Tests.Catalog.PriceCalculationServiceTests.Can_get_shopping_cart_item_subTotal" runstate="Runnable" result="Passed" duration="0.010608" asserts="1" />
              <test-case id="1-1162" name="Can_get_shopping_cart_item_unitPrice" fullname="Nop.Services.Tests.Catalog.PriceCalculationServiceTests.Can_get_shopping_cart_item_unitPrice" runstate="Runnable" result="Passed" duration="0.002317" asserts="1" />
            </test-suite>
            <test-suite type="TestFixture" id="1-1171" name="PriceFormatterTests" fullname="Nop.Services.Tests.Catalog.PriceFormatterTests" runstate="Runnable" testcasecount="4" result="Passed" duration="0.233399" total="4" passed="0" failed="0" inconclusive="0" skipped="0" asserts="0">
              <test-case id="1-1172" name="Can_formatPrice_with_custom_currencyFormatting" fullname="Nop.Services.Tests.Catalog.PriceFormatterTests.Can_formatPrice_with_custom_currencyFormatting" runstate="Runnable" result="Passed" duration="0.196472" asserts="1" />
              <test-case id="1-1173" name="Can_formatPrice_with_distinct_currencyDisplayLocale" fullname="Nop.Services.Tests.Catalog.PriceFormatterTests.Can_formatPrice_with_distinct_currencyDisplayLocale" runstate="Runnable" result="Passed" duration="0.002172" asserts="2" />
              <test-case id="1-1175" name="Can_formatPrice_with_showCurrencyCode" fullname="Nop.Services.Tests.Catalog.PriceFormatterTests.Can_formatPrice_with_showCurrencyCode" runstate="Runnable" result="Passed" duration="0.001435" asserts="2" />
              <test-case id="1-1174" name="Can_formatPrice_with_showTax" fullname="Nop.Services.Tests.Catalog.PriceFormatterTests.Can_formatPrice_with_showTax" runstate="Runnable" result="Passed" duration="0.001177" asserts="2" />
            </test-suite>
            <test-suite type="TestFixture" id="1-1164" name="ProductAttributeParserTests" fullname="Nop.Services.Tests.Catalog.ProductAttributeParserTests" runstate="Runnable" testcasecount="6" result="Passed" duration="3.031607" total="6" passed="0" failed="0" inconclusive="0" skipped="0" asserts="0">
              <test-case id="1-1167" name="Can_add_and_parse_giftCardAttributes" fullname="Nop.Services.Tests.Catalog.ProductAttributeParserTests.Can_add_and_parse_giftCardAttributes" runstate="Runnable" result="Passed" duration="1.684605" asserts="5" />
              <test-case id="1-1165" name="Can_add_and_parse_productAttributes" fullname="Nop.Services.Tests.Catalog.ProductAttributeParserTests.Can_add_and_parse_productAttributes" runstate="Runnable" result="Passed" duration="0.033095" asserts="8" />
              <test-case id="1-1166" name="Can_add_and_remove_productAttributes" fullname="Nop.Services.Tests.Catalog.ProductAttributeParserTests.Can_add_and_remove_productAttributes" runstate="Runnable" result="Passed" duration="0.006613" asserts="6" />
              <test-case id="1-1170" name="Can_render_attributes_withoutPrices" fullname="Nop.Services.Tests.Catalog.ProductAttributeParserTests.Can_render_attributes_withoutPrices" runstate="Runnable" result="Passed" duration="0.339076" asserts="1" />
              <test-case id="1-1169" name="Can_render_physical_gift_cart" fullname="Nop.Services.Tests.Catalog.ProductAttributeParserTests.Can_render_physical_gift_cart" runstate="Runnable" result="Passed" duration="0.003899" asserts="1" />
              <test-case id="1-1168" name="Can_render_virtual_gift_cart" fullname="Nop.Services.Tests.Catalog.ProductAttributeParserTests.Can_render_virtual_gift_cart" runstate="Runnable" result="Passed" duration="0.005204" asserts="1" />
            </test-suite>
            <test-suite type="TestFixture" id="1-1143" name="ProductExtensionTests" fullname="Nop.Services.Tests.Catalog.ProductExtensionTests" runstate="Runnable" testcasecount="9" result="Passed" duration="1.038421" total="9" passed="0" failed="0" inconclusive="0" skipped="0" asserts="0">
              <test-case id="1-1149" name="Can_calculate_rental_periods_for_days" fullname="Nop.Services.Tests.Catalog.ProductExtensionTests.Can_calculate_rental_periods_for_days" runstate="Runnable" result="Passed" duration="0.002895" asserts="8" />
              <test-case id="1-1151" name="Can_calculate_rental_periods_for_months" fullname="Nop.Services.Tests.Catalog.ProductExtensionTests.Can_calculate_rental_periods_for_months" runstate="Runnable" result="Passed" duration="0.002402" asserts="24" />
              <test-case id="1-1150" name="Can_calculate_rental_periods_for_weeks" fullname="Nop.Services.Tests.Catalog.ProductExtensionTests.Can_calculate_rental_periods_for_weeks" runstate="Runnable" result="Passed" duration="0.004569" asserts="12" />
              <test-case id="1-1152" name="Can_calculate_rental_periods_for_years" fullname="Nop.Services.Tests.Catalog.ProductExtensionTests.Can_calculate_rental_periods_for_years" runstate="Runnable" result="Passed" duration="0.001211" asserts="7" />
              <test-case id="1-1145" name="Can_calculate_total_quantity_when_we_do_not_use_multiple_warehouses" fullname="Nop.Services.Tests.Catalog.ProductExtensionTests.Can_calculate_total_quantity_when_we_do_not_use_multiple_warehouses" runstate="Runnable" result="Passed" duration="0.006257" asserts="1" />
              <test-case id="1-1146" name="Can_calculate_total_quantity_when_we_do_use_multiple_warehouses_with_reserved" fullname="Nop.Services.Tests.Catalog.ProductExtensionTests.Can_calculate_total_quantity_when_we_do_use_multiple_warehouses_with_reserved" runstate="Runnable" result="Passed" duration="0.002152" asserts="1" />
              <test-case id="1-1148" name="Can_calculate_total_quantity_when_we_do_use_multiple_warehouses_with_warehouse_specified" fullname="Nop.Services.Tests.Catalog.ProductExtensionTests.Can_calculate_total_quantity_when_we_do_use_multiple_warehouses_with_warehouse_specified" runstate="Runnable" result="Passed" duration="0.021185" asserts="1" />
              <test-case id="1-1147" name="Can_calculate_total_quantity_when_we_do_use_multiple_warehouses_without_reserved" fullname="Nop.Services.Tests.Catalog.ProductExtensionTests.Can_calculate_total_quantity_when_we_do_use_multiple_warehouses_without_reserved" runstate="Runnable" result="Passed" duration="0.001204" asserts="1" />
              <test-case id="1-1144" name="Can_parse_allowed_quantities" fullname="Nop.Services.Tests.Catalog.ProductExtensionTests.Can_parse_allowed_quantities" runstate="Runnable" result="Passed" duration="0.001947" asserts="5" />
            </test-suite>
            <test-suite type="TestFixture" id="1-1153" name="TierPriceExtensionTests" fullname="Nop.Services.Tests.Catalog.TierPriceExtensionTests" runstate="Runnable" testcasecount="1" result="Passed" duration="0.233330" total="1" passed="0" failed="0" inconclusive="0" skipped="0" asserts="0">
              <test-case id="1-1154" name="Can_remove_duplicatedQuantities" fullname="Nop.Services.Tests.Catalog.TierPriceExtensionTests.Can_remove_duplicatedQuantities" runstate="Runnable" result="Passed" duration="0.016368" asserts="6" />
            </test-suite>
          </test-suite>
          <test-suite type="Namespace" id="1-1194" name="Configuration" fullname="Nop.Services.Tests.Configuration" runstate="Runnable" testcasecount="5" result="Passed" duration="1.430002" total="5" passed="0" failed="0" inconclusive="0" skipped="0" asserts="0">
            <test-suite type="TestFixture" id="1-1138" name="ConfigFileSettingServiceTests" fullname="Nop.Services.Tests.Configuration.ConfigFileSettingServiceTests" runstate="Runnable" testcasecount="4" result="Passed" duration="1.161802" total="4" passed="0" failed="0" inconclusive="0" skipped="0" asserts="0">
              <test-case id="1-1139" name="Can_get_all_settings" fullname="Nop.Services.Tests.Configuration.ConfigFileSettingServiceTests.Can_get_all_settings" runstate="Runnable" result="Passed" duration="0.943133" asserts="2" />
              <test-case id="1-1140" name="Can_get_setting_by_key" fullname="Nop.Services.Tests.Configuration.ConfigFileSettingServiceTests.Can_get_setting_by_key" runstate="Runnable" result="Passed" duration="0.006839" asserts="1" />
              <test-case id="1-1141" name="Can_get_typed_setting_value_by_key" fullname="Nop.Services.Tests.Configuration.ConfigFileSettingServiceTests.Can_get_typed_setting_value_by_key" runstate="Runnable" result="Passed" duration="0.004764" asserts="1" />
              <test-case id="1-1142" name="Default_value_returned_if_setting_does_not_exist" fullname="Nop.Services.Tests.Configuration.ConfigFileSettingServiceTests.Default_value_returned_if_setting_does_not_exist" runstate="Runnable" result="Passed" duration="0.001713" asserts="1" />
            </test-suite>
            <test-suite type="TestFixture" id="1-1136" name="ConfigurationProviderTests" fullname="Nop.Services.Tests.Configuration.ConfigurationProviderTests" runstate="Runnable" testcasecount="1" result="Passed" duration="0.198355" total="1" passed="0" failed="0" inconclusive="0" skipped="0" asserts="0">
              <test-case id="1-1137" name="Can_get_settings" fullname="Nop.Services.Tests.Configuration.ConfigurationProviderTests.Can_get_settings" runstate="Runnable" result="Passed" duration="0.008374" asserts="5" />
            </test-suite>
          </test-suite>
          <test-suite type="Namespace" id="1-1193" name="Customers" fullname="Nop.Services.Tests.Customers" runstate="Runnable" testcasecount="4" result="Passed" duration="2.782270" total="4" passed="0" failed="0" inconclusive="0" skipped="0" asserts="0">
            <test-suite type="TestFixture" id="1-1130" name="CustomerExtensionTests" fullname="Nop.Services.Tests.Customers.CustomerExtensionTests" runstate="Runnable" testcasecount="0" result="Inconclusive" duration="0.000422" total="0" passed="0" failed="0" inconclusive="0" skipped="0" asserts="0" />
            <test-suite type="TestFixture" id="1-1131" name="CustomerRegistrationServiceTests" fullname="Nop.Services.Tests.Customers.CustomerRegistrationServiceTests" runstate="Runnable" testcasecount="4" result="Passed" duration="2.743135" total="4" passed="0" failed="0" inconclusive="0" skipped="0" asserts="0">
              <test-case id="1-1134" name="Can_validate_a_clear_password" fullname="Nop.Services.Tests.Customers.CustomerRegistrationServiceTests.Can_validate_a_clear_password" runstate="Runnable" result="Passed" duration="2.145484" asserts="1" />
              <test-case id="1-1133" name="Can_validate_a_hashed_password" fullname="Nop.Services.Tests.Customers.CustomerRegistrationServiceTests.Can_validate_a_hashed_password" runstate="Runnable" result="Passed" duration="0.006192" asserts="1" />
              <test-case id="1-1135" name="Can_validate_an_encrypted_password" fullname="Nop.Services.Tests.Customers.CustomerRegistrationServiceTests.Can_validate_an_encrypted_password" runstate="Runnable" result="Passed" duration="0.005045" asserts="1" />
              <test-case id="1-1132" name="Ensure_only_registered_customers_can_login" fullname="Nop.Services.Tests.Customers.CustomerRegistrationServiceTests.Ensure_only_registered_customers_can_login" runstate="Runnable" result="Passed" duration="0.012690" asserts="2" />
            </test-suite>
          </test-suite>
          <test-suite type="Namespace" id="1-1192" name="Directory" fullname="Nop.Services.Tests.Directory" runstate="Runnable" testcasecount="7" result="Passed" duration="1.031331" total="7" passed="0" failed="0" inconclusive="0" skipped="0" asserts="0">
            <test-suite type="TestFixture" id="1-1121" name="CurrencyServiceTests" fullname="Nop.Services.Tests.Directory.CurrencyServiceTests" runstate="Runnable" testcasecount="5" result="Passed" duration="0.818864" total="5" passed="0" failed="0" inconclusive="0" skipped="0" asserts="0">
              <test-case id="1-1125" name="Can_convert_currency_1" fullname="Nop.Services.Tests.Directory.CurrencyServiceTests.Can_convert_currency_1" runstate="Runnable" result="Passed" duration="0.023825" asserts="4" />
              <test-case id="1-1126" name="Can_convert_currency_2" fullname="Nop.Services.Tests.Directory.CurrencyServiceTests.Can_convert_currency_2" runstate="Runnable" result="Passed" duration="0.019779" asserts="5" />
              <test-case id="1-1124" name="Can_load_active_exchangeRateProvider" fullname="Nop.Services.Tests.Directory.CurrencyServiceTests.Can_load_active_exchangeRateProvider" runstate="Runnable" result="Passed" duration="0.656939" asserts="1" />
              <test-case id="1-1123" name="Can_load_exchangeRateProvider_by_systemKeyword" fullname="Nop.Services.Tests.Directory.CurrencyServiceTests.Can_load_exchangeRateProvider_by_systemKeyword" runstate="Runnable" result="Passed" duration="0.002003" asserts="1" />
              <test-case id="1-1122" name="Can_load_exchangeRateProviders" fullname="Nop.Services.Tests.Directory.CurrencyServiceTests.Can_load_exchangeRateProviders" runstate="Runnable" result="Passed" duration="0.001435" asserts="2" />
            </test-suite>
            <test-suite type="TestFixture" id="1-1127" name="MeasureServiceTests" fullname="Nop.Services.Tests.Directory.MeasureServiceTests" runstate="Runnable" testcasecount="2" result="Passed" duration="0.170435" total="2" passed="0" failed="0" inconclusive="0" skipped="0" asserts="0">
              <test-case id="1-1128" name="Can_convert_dimension" fullname="Nop.Services.Tests.Directory.MeasureServiceTests.Can_convert_dimension" runstate="Runnable" result="Passed" duration="0.109275" asserts="5" />
              <test-case id="1-1129" name="Can_convert_weight" fullname="Nop.Services.Tests.Directory.MeasureServiceTests.Can_convert_weight" runstate="Runnable" result="Passed" duration="0.004899" asserts="5" />
            </test-suite>
          </test-suite>
          <test-suite type="Namespace" id="1-1191" name="Discounts" fullname="Nop.Services.Tests.Discounts" runstate="Runnable" testcasecount="9" result="Passed" duration="0.506309" total="9" passed="0" failed="0" inconclusive="0" skipped="0" asserts="0">
            <test-suite type="TestFixture" id="1-1110" name="DiscountExtensionsTests" fullname="Nop.Services.Tests.Discounts.DiscountExtensionsTests" runstate="Runnable" testcasecount="3" result="Passed" duration="0.047649" total="3" passed="0" failed="0" inconclusive="0" skipped="0" asserts="0">
              <test-case id="1-1112" name="Can_calculate_discount_amount_fixed" fullname="Nop.Services.Tests.Discounts.DiscountExtensionsTests.Can_calculate_discount_amount_fixed" runstate="Runnable" result="Passed" duration="0.000830" asserts="2" />
              <test-case id="1-1111" name="Can_calculate_discount_amount_percentage" fullname="Nop.Services.Tests.Discounts.DiscountExtensionsTests.Can_calculate_discount_amount_percentage" runstate="Runnable" result="Passed" duration="0.001123" asserts="2" />
              <test-case id="1-1113" name="Maximum_discount_amount_is_used" fullname="Nop.Services.Tests.Discounts.DiscountExtensionsTests.Maximum_discount_amount_is_used" runstate="Runnable" result="Passed" duration="0.001275" asserts="4" />
            </test-suite>
            <test-suite type="TestFixture" id="1-1114" name="DiscountServiceTests" fullname="Nop.Services.Tests.Discounts.DiscountServiceTests" runstate="Runnable" testcasecount="6" result="Passed" duration="0.454531" total="6" passed="0" failed="0" inconclusive="0" skipped="0" asserts="0">
              <test-case id="1-1115" name="Can_get_all_discount" fullname="Nop.Services.Tests.Discounts.DiscountServiceTests.Can_get_all_discount" runstate="Runnable" result="Passed" duration="0.168755" asserts="2" />
              <test-case id="1-1117" name="Can_load_discountRequirementRuleBySystemKeyword" fullname="Nop.Services.Tests.Discounts.DiscountServiceTests.Can_load_discountRequirementRuleBySystemKeyword" runstate="Runnable" result="Passed" duration="0.002447" asserts="1" />
              <test-case id="1-1116" name="Can_load_discountRequirementRules" fullname="Nop.Services.Tests.Discounts.DiscountServiceTests.Can_load_discountRequirementRules" runstate="Runnable" result="Passed" duration="0.001784" asserts="2" />
              <test-case id="1-1120" name="Can_validate_discount_dateRange" fullname="Nop.Services.Tests.Discounts.DiscountServiceTests.Can_validate_discount_dateRange" runstate="Runnable" result="Passed" duration="0.211559" asserts="2" />
              <test-case id="1-1118" name="Should_accept_valid_discount_code" fullname="Nop.Services.Tests.Discounts.DiscountServiceTests.Should_accept_valid_discount_code" runstate="Runnable" result="Passed" duration="0.052887" asserts="1" />
              <test-case id="1-1119" name="Should_not_accept_wrong_discount_code" fullname="Nop.Services.Tests.Discounts.DiscountServiceTests.Should_not_accept_wrong_discount_code" runstate="Runnable" result="Passed" duration="0.002004" asserts="1" />
            </test-suite>
          </test-suite>
          <test-suite type="Namespace" id="1-1190" name="ExportImport" fullname="Nop.Services.Tests.ExportImport" runstate="Runnable" testcasecount="1" result="Passed" duration="0.071416" total="1" passed="0" failed="0" inconclusive="0" skipped="0" asserts="0">
            <test-suite type="TestFixture" id="1-1108" name="ExportManagerTests" fullname="Nop.Services.Tests.ExportImport.ExportManagerTests" runstate="Runnable" testcasecount="1" result="Passed" duration="0.070112" total="1" passed="0" failed="0" inconclusive="0" skipped="0" asserts="0">
              <test-case id="1-1109" name="Can_export_orders_xlsx" fullname="Nop.Services.Tests.ExportImport.ExportManagerTests.Can_export_orders_xlsx" runstate="Runnable" result="Passed" duration="0.065636" asserts="0" />
            </test-suite>
          </test-suite>
          <test-suite type="Namespace" id="1-1189" name="Helpers" fullname="Nop.Services.Tests.Helpers" runstate="Runnable" testcasecount="6" result="Passed" duration="0.146687" total="6" passed="0" failed="0" inconclusive="0" skipped="0" asserts="0">
            <test-suite type="TestFixture" id="1-1101" name="DateTimeHelperTests" fullname="Nop.Services.Tests.Helpers.DateTimeHelperTests" runstate="Runnable" testcasecount="6" result="Passed" duration="0.145537" total="6" passed="0" failed="0" inconclusive="0" skipped="0" asserts="0">
              <test-case id="1-1106" name="Can_convert_dateTime_to_userTime" fullname="Nop.Services.Tests.Helpers.DateTimeHelperTests.Can_convert_dateTime_to_userTime" runstate="Runnable" result="Passed" duration="0.029152" asserts="4" />
              <test-case id="1-1107" name="Can_convert_dateTime_to_utc_dateTime" fullname="Nop.Services.Tests.Helpers.DateTimeHelperTests.Can_convert_dateTime_to_utc_dateTime" runstate="Runnable" result="Passed" duration="0.001198" asserts="3" />
              <test-case id="1-1102" name="Can_find_systemTimeZone_by_id" fullname="Nop.Services.Tests.Helpers.DateTimeHelperTests.Can_find_systemTimeZone_by_id" runstate="Runnable" result="Passed" duration="0.000776" asserts="2" />
              <test-case id="1-1103" name="Can_get_all_systemTimeZones" fullname="Nop.Services.Tests.Helpers.DateTimeHelperTests.Can_get_all_systemTimeZones" runstate="Runnable" result="Passed" duration="0.094588" asserts="2" />
              <test-case id="1-1105" name="Can_get_customer_timeZone_with_customTimeZones_disabled" fullname="Nop.Services.Tests.Helpers.DateTimeHelperTests.Can_get_customer_timeZone_with_customTimeZones_disabled" runstate="Runnable" result="Passed" duration="0.002771" asserts="2" />
              <test-case id="1-1104" name="Can_get_customer_timeZone_with_customTimeZones_enabled" fullname="Nop.Services.Tests.Helpers.DateTimeHelperTests.Can_get_customer_timeZone_with_customTimeZones_enabled" runstate="Runnable" result="Passed" duration="0.001372" asserts="2" />
            </test-suite>
          </test-suite>
          <test-suite type="Namespace" id="1-1188" name="Localization" fullname="Nop.Services.Tests.Localization" runstate="Runnable" testcasecount="1" result="Passed" duration="0.063887" total="1" passed="0" failed="0" inconclusive="0" skipped="0" asserts="0">
            <test-suite type="TestFixture" id="1-1099" name="LanguageServiceTests" fullname="Nop.Services.Tests.Localization.LanguageServiceTests" runstate="Runnable" testcasecount="1" result="Passed" duration="0.061178" total="1" passed="0" failed="0" inconclusive="0" skipped="0" asserts="0">
              <test-case id="1-1100" name="Can_get_all_languages" fullname="Nop.Services.Tests.Localization.LanguageServiceTests.Can_get_all_languages" runstate="Runnable" result="Passed" duration="0.054566" asserts="2" />
            </test-suite>
          </test-suite>
          <test-suite type="Namespace" id="1-1187" name="Logging" fullname="Nop.Services.Tests.Logging" runstate="Runnable" testcasecount="1" result="Passed" duration="0.157637" total="1" passed="0" failed="0" inconclusive="0" skipped="0" asserts="0">
            <test-suite type="TestFixture" id="1-1097" name="CustomerActivityServiceTests" fullname="Nop.Services.Tests.Logging.CustomerActivityServiceTests" runstate="Runnable" testcasecount="1" result="Passed" duration="0.155884" total="1" passed="0" failed="0" inconclusive="0" skipped="0" asserts="0">
              <test-case id="1-1098" name="Can_Find_Activities" fullname="Nop.Services.Tests.Logging.CustomerActivityServiceTests.Can_Find_Activities" runstate="Runnable" result="Passed" duration="0.154675" asserts="3" />
            </test-suite>
          </test-suite>
          <test-suite type="Namespace" id="1-1186" name="Messages" fullname="Nop.Services.Tests.Messages" runstate="Runnable" testcasecount="10" result="Passed" duration="0.513655" total="10" passed="0" failed="0" inconclusive="0" skipped="0" asserts="0">
            <test-suite type="TestFixture" id="1-1090" name="NewsLetterSubscriptionServiceTests" fullname="Nop.Services.Tests.Messages.NewsLetterSubscriptionServiceTests" runstate="Runnable" testcasecount="6" result="Passed" duration="0.199116" total="6" passed="0" failed="0" inconclusive="0" skipped="0" asserts="0">
              <test-case id="1-1091" name="VerifyActiveInsertTriggersSubscribeEvent" fullname="Nop.Services.Tests.Messages.NewsLetterSubscriptionServiceTests.VerifyActiveInsertTriggersSubscribeEvent" runstate="Runnable" result="Passed" duration="0.162399" asserts="0" />
              <test-case id="1-1092" name="VerifyDeleteTriggersUnsubscribeEvent" fullname="Nop.Services.Tests.Messages.NewsLetterSubscriptionServiceTests.VerifyDeleteTriggersUnsubscribeEvent" runstate="Runnable" result="Passed" duration="0.003659" asserts="0" />
              <test-case id="1-1093" name="VerifyEmailUpdateTriggersUnsubscribeAndSubscribeEvent" fullname="Nop.Services.Tests.Messages.NewsLetterSubscriptionServiceTests.VerifyEmailUpdateTriggersUnsubscribeAndSubscribeEvent" runstate="Ignored" result="Skipped" label="Ignored" duration="0.002876" asserts="0">
                <properties>
                  <property name="_IGNOREREASON" value="Ignoring until a solution to the IDbContext methods are found. -SRS" />
                </properties>
                <reason>
                  <message><![CDATA[Ignoring until a solution to the IDbContext methods are found. -SRS]]></message>
                </reason>
              </test-case>
              <test-case id="1-1094" name="VerifyInactiveToActiveUpdateTriggersSubscribeEvent" fullname="Nop.Services.Tests.Messages.NewsLetterSubscriptionServiceTests.VerifyInactiveToActiveUpdateTriggersSubscribeEvent" runstate="Ignored" result="Skipped" label="Ignored" duration="0.000017" asserts="0">
                <properties>
                  <property name="_IGNOREREASON" value="Ignoring until a solution to the IDbContext methods are found. -SRS" />
                </properties>
                <reason>
                  <message><![CDATA[Ignoring until a solution to the IDbContext methods are found. -SRS]]></message>
                </reason>
              </test-case>
              <test-case id="1-1095" name="VerifyInsertEventIsFired" fullname="Nop.Services.Tests.Messages.NewsLetterSubscriptionServiceTests.VerifyInsertEventIsFired" runstate="Runnable" result="Passed" duration="0.002386" asserts="0" />
              <test-case id="1-1096" name="VerifyUpdateEventIsFired" fullname="Nop.Services.Tests.Messages.NewsLetterSubscriptionServiceTests.VerifyUpdateEventIsFired" runstate="Ignored" result="Skipped" label="Ignored" duration="0.000018" asserts="0">
                <properties>
                  <property name="_IGNOREREASON" value="Ignoring until a solution to the IDbContext methods are found. -SRS" />
                </properties>
                <reason>
                  <message><![CDATA[Ignoring until a solution to the IDbContext methods are found. -SRS]]></message>
                </reason>
              </test-case>
            </test-suite>
            <test-suite type="TestFixture" id="1-1085" name="TokenizerTests" fullname="Nop.Services.Tests.Messages.TokenizerTests" runstate="Runnable" testcasecount="4" result="Passed" duration="0.288106" total="4" passed="0" failed="0" inconclusive="0" skipped="0" asserts="0">
              <test-case id="1-1088" name="Can_html_encode" fullname="Nop.Services.Tests.Messages.TokenizerTests.Can_html_encode" runstate="Runnable" result="Passed" duration="0.174422" asserts="1" />
              <test-case id="1-1087" name="Can_replace_tokens_case_invariant" fullname="Nop.Services.Tests.Messages.TokenizerTests.Can_replace_tokens_case_invariant" runstate="Runnable" result="Passed" duration="0.000595" asserts="1" />
              <test-case id="1-1086" name="Can_replace_tokens_case_sensitive" fullname="Nop.Services.Tests.Messages.TokenizerTests.Can_replace_tokens_case_sensitive" runstate="Runnable" result="Passed" duration="0.000654" asserts="2" />
              <test-case id="1-1089" name="Should_not_html_encode_if_token_doesnt_allow_it" fullname="Nop.Services.Tests.Messages.TokenizerTests.Should_not_html_encode_if_token_doesnt_allow_it" runstate="Runnable" result="Passed" duration="0.000607" asserts="1" />
            </test-suite>
          </test-suite>
          <test-suite type="Namespace" id="1-1185" name="Orders" fullname="Nop.Services.Tests.Orders" runstate="Runnable" testcasecount="38" result="Passed" duration="1.754626" total="38" passed="0" failed="0" inconclusive="0" skipped="0" asserts="0">
            <test-suite type="TestFixture" id="1-1046" name="CheckoutAttributeExtensionsTests" fullname="Nop.Services.Tests.Orders.CheckoutAttributeExtensionsTests" runstate="Runnable" testcasecount="1" result="Passed" duration="0.007900" total="1" passed="0" failed="0" inconclusive="0" skipped="0" asserts="0">
              <test-case id="1-1047" name="Can_remove_shippable_attributes" fullname="Nop.Services.Tests.Orders.CheckoutAttributeExtensionsTests.Can_remove_shippable_attributes" runstate="Runnable" result="Passed" duration="0.004024" asserts="3" />
            </test-suite>
            <test-suite type="TestFixture" id="1-1043" name="CheckoutAttributeParserAndFormatterTests" fullname="Nop.Services.Tests.Orders.CheckoutAttributeParserAndFormatterTests" runstate="Runnable" testcasecount="2" result="Passed" duration="0.172697" total="2" passed="0" failed="0" inconclusive="0" skipped="0" asserts="0">
              <test-case id="1-1044" name="Can_add_and_parse_checkoutAttributes" fullname="Nop.Services.Tests.Orders.CheckoutAttributeParserAndFormatterTests.Can_add_and_parse_checkoutAttributes" runstate="Runnable" result="Passed" duration="0.135241" asserts="8" />
              <test-case id="1-1045" name="Can_add_render_attributes_withoutPrices" fullname="Nop.Services.Tests.Orders.CheckoutAttributeParserAndFormatterTests.Can_add_render_attributes_withoutPrices" runstate="Runnable" result="Passed" duration="0.012595" asserts="1" />
            </test-suite>
            <test-suite type="TestFixture" id="1-1048" name="OrderProcessingServiceTests" fullname="Nop.Services.Tests.Orders.OrderProcessingServiceTests" runstate="Runnable" testcasecount="16" result="Passed" duration="1.193751" total="16" passed="0" failed="0" inconclusive="0" skipped="0" asserts="0">
              <test-case id="1-1049" name="Ensure_order_can_only_be_cancelled_when_orderStatus_is_not_cancelled_yet" fullname="Nop.Services.Tests.Orders.OrderProcessingServiceTests.Ensure_order_can_only_be_cancelled_when_orderStatus_is_not_cancelled_yet" runstate="Runnable" result="Passed" duration="0.651310" asserts="120" />
              <test-case id="1-1051" name="Ensure_order_can_only_be_captured_when_orderStatus_is_not_cancelled_or_pending_and_paymentstatus_is_authorized_and_paymentModule_supports_capture" fullname="Nop.Services.Tests.Orders.OrderProcessingServiceTests.Ensure_order_can_only_be_captured_when_orderStatus_is_not_cancelled_or_pending_and_paymentstatus_is_authorized_and_paymentModule_supports_capture" runstate="Runnable" result="Passed" duration="0.009896" asserts="240" />
              <test-case id="1-1050" name="Ensure_order_can_only_be_marked_as_authorized_when_orderStatus_is_not_cancelled_and_paymentStatus_is_pending" fullname="Nop.Services.Tests.Orders.OrderProcessingServiceTests.Ensure_order_can_only_be_marked_as_authorized_when_orderStatus_is_not_cancelled_and_paymentStatus_is_pending" runstate="Runnable" result="Passed" duration="0.003949" asserts="120" />
              <test-case id="1-1063" name="Ensure_order_can_only_be_partially_refunded_offline_when_paymentstatus_is_paid_or_partiallyRefunded" fullname="Nop.Services.Tests.Orders.OrderProcessingServiceTests.Ensure_order_can_only_be_partially_refunded_offline_when_paymentstatus_is_paid_or_partiallyRefunded" runstate="Runnable" result="Passed" duration="0.003791" asserts="120" />
              <test-case id="1-1061" name="Ensure_order_can_only_be_partially_refunded_when_paymentstatus_is_paid_or_partiallyRefunded_and_paymentModule_supports_partialRefund" fullname="Nop.Services.Tests.Orders.OrderProcessingServiceTests.Ensure_order_can_only_be_partially_refunded_when_paymentstatus_is_paid_or_partiallyRefunded_and_paymentModule_supports_partialRefund" runstate="Runnable" result="Passed" duration="0.007765" asserts="240" />
              <test-case id="1-1055" name="Ensure_order_can_only_be_refunded_offline_when_paymentstatus_is_paid" fullname="Nop.Services.Tests.Orders.OrderProcessingServiceTests.Ensure_order_can_only_be_refunded_offline_when_paymentstatus_is_paid" runstate="Runnable" result="Passed" duration="0.008652" asserts="120" />
              <test-case id="1-1053" name="Ensure_order_can_only_be_refunded_when_paymentstatus_is_paid_and_paymentModule_supports_refund" fullname="Nop.Services.Tests.Orders.OrderProcessingServiceTests.Ensure_order_can_only_be_refunded_when_paymentstatus_is_paid_and_paymentModule_supports_refund" runstate="Runnable" result="Passed" duration="0.006917" asserts="240" />
              <test-case id="1-1059" name="Ensure_order_can_only_be_voided_offline_when_paymentstatus_is_authorized" fullname="Nop.Services.Tests.Orders.OrderProcessingServiceTests.Ensure_order_can_only_be_voided_offline_when_paymentstatus_is_authorized" runstate="Runnable" result="Passed" duration="0.003031" asserts="120" />
              <test-case id="1-1057" name="Ensure_order_can_only_be_voided_when_paymentstatus_is_authorized_and_paymentModule_supports_void" fullname="Nop.Services.Tests.Orders.OrderProcessingServiceTests.Ensure_order_can_only_be_voided_when_paymentstatus_is_authorized_and_paymentModule_supports_void" runstate="Runnable" result="Passed" duration="0.010680" asserts="240" />
              <test-case id="1-1052" name="Ensure_order_cannot_be_marked_as_paid_when_orderStatus_is_cancelled_or_paymentStatus_is_paid_or_refunded_or_voided" fullname="Nop.Services.Tests.Orders.OrderProcessingServiceTests.Ensure_order_cannot_be_marked_as_paid_when_orderStatus_is_cancelled_or_paymentStatus_is_paid_or_refunded_or_voided" runstate="Runnable" result="Passed" duration="0.003770" asserts="120" />
              <test-case id="1-1064" name="Ensure_order_cannot_be_partially_refunded_offline_when_amountToRefund_is_greater_than_amount_that_can_be_refunded" fullname="Nop.Services.Tests.Orders.OrderProcessingServiceTests.Ensure_order_cannot_be_partially_refunded_offline_when_amountToRefund_is_greater_than_amount_that_can_be_refunded" runstate="Runnable" result="Passed" duration="0.003616" asserts="120" />
              <test-case id="1-1062" name="Ensure_order_cannot_be_partially_refunded_when_amountToRefund_is_greater_than_amount_that_can_be_refunded" fullname="Nop.Services.Tests.Orders.OrderProcessingServiceTests.Ensure_order_cannot_be_partially_refunded_when_amountToRefund_is_greater_than_amount_that_can_be_refunded" runstate="Runnable" result="Passed" duration="0.003277" asserts="120" />
              <test-case id="1-1056" name="Ensure_order_cannot_be_refunded_offline_when_orderTotal_is_zero" fullname="Nop.Services.Tests.Orders.OrderProcessingServiceTests.Ensure_order_cannot_be_refunded_offline_when_orderTotal_is_zero" runstate="Runnable" result="Passed" duration="0.002609" asserts="120" />
              <test-case id="1-1054" name="Ensure_order_cannot_be_refunded_when_orderTotal_is_zero" fullname="Nop.Services.Tests.Orders.OrderProcessingServiceTests.Ensure_order_cannot_be_refunded_when_orderTotal_is_zero" runstate="Runnable" result="Passed" duration="0.003054" asserts="120" />
              <test-case id="1-1060" name="Ensure_order_cannot_be_voided_offline_when_orderTotal_is_zero" fullname="Nop.Services.Tests.Orders.OrderProcessingServiceTests.Ensure_order_cannot_be_voided_offline_when_orderTotal_is_zero" runstate="Runnable" result="Passed" duration="0.002488" asserts="120" />
              <test-case id="1-1058" name="Ensure_order_cannot_be_voided_when_orderTotal_is_zero" fullname="Nop.Services.Tests.Orders.OrderProcessingServiceTests.Ensure_order_cannot_be_voided_when_orderTotal_is_zero" runstate="Runnable" result="Passed" duration="0.002918" asserts="120" />
            </test-suite>
            <test-suite type="TestFixture" id="1-1065" name="OrderTotalCalculationServiceTests" fullname="Nop.Services.Tests.Orders.OrderTotalCalculationServiceTests" runstate="Runnable" testcasecount="19" result="Passed" duration="0.348958" total="19" passed="0" failed="0" inconclusive="0" skipped="0" asserts="0">
              <test-case id="1-1084" name="Can_check_minimum_reward_points_to_use_requirement" fullname="Nop.Services.Tests.Orders.OrderTotalCalculationServiceTests.Can_check_minimum_reward_points_to_use_requirement" runstate="Runnable" result="Passed" duration="0.006297" asserts="7" />
              <test-case id="1-1083" name="Can_convert_amount_to_reward_points" fullname="Nop.Services.Tests.Orders.OrderTotalCalculationServiceTests.Can_convert_amount_to_reward_points" runstate="Runnable" result="Passed" duration="0.002596" asserts="1" />
              <test-case id="1-1082" name="Can_convert_reward_points_to_amount" fullname="Nop.Services.Tests.Orders.OrderTotalCalculationServiceTests.Can_convert_reward_points_to_amount" runstate="Runnable" result="Passed" duration="0.002201" asserts="1" />
              <test-case id="1-1076" name="Can_get_shipping_total_discount_excluding_tax" fullname="Nop.Services.Tests.Orders.OrderTotalCalculationServiceTests.Can_get_shipping_total_discount_excluding_tax" runstate="Runnable" result="Passed" duration="0.060671" asserts="5" />
              <test-case id="1-1077" name="Can_get_shipping_total_discount_including_tax" fullname="Nop.Services.Tests.Orders.OrderTotalCalculationServiceTests.Can_get_shipping_total_discount_including_tax" runstate="Runnable" result="Passed" duration="0.012603" asserts="5" />
              <test-case id="1-1074" name="Can_get_shipping_total_with_fixed_shipping_rate_excluding_tax" fullname="Nop.Services.Tests.Orders.OrderTotalCalculationServiceTests.Can_get_shipping_total_with_fixed_shipping_rate_excluding_tax" runstate="Runnable" result="Passed" duration="0.003832" asserts="4" />
              <test-case id="1-1075" name="Can_get_shipping_total_with_fixed_shipping_rate_including_tax" fullname="Nop.Services.Tests.Orders.OrderTotalCalculationServiceTests.Can_get_shipping_total_with_fixed_shipping_rate_including_tax" runstate="Runnable" result="Passed" duration="0.003448" asserts="4" />
              <test-case id="1-1068" name="Can_get_shopping_cart_subTotal_discount_excluding_tax" fullname="Nop.Services.Tests.Orders.OrderTotalCalculationServiceTests.Can_get_shopping_cart_subTotal_discount_excluding_tax" runstate="Runnable" result="Passed" duration="0.036622" asserts="8" />
              <test-case id="1-1069" name="Can_get_shopping_cart_subTotal_discount_including_tax" fullname="Nop.Services.Tests.Orders.OrderTotalCalculationServiceTests.Can_get_shopping_cart_subTotal_discount_including_tax" runstate="Runnable" result="Passed" duration="0.005821" asserts="8" />
              <test-case id="1-1066" name="Can_get_shopping_cart_subTotal_excluding_tax" fullname="Nop.Services.Tests.Orders.OrderTotalCalculationServiceTests.Can_get_shopping_cart_subTotal_excluding_tax" runstate="Runnable" result="Passed" duration="0.004321" asserts="7" />
              <test-case id="1-1067" name="Can_get_shopping_cart_subTotal_including_tax" fullname="Nop.Services.Tests.Orders.OrderTotalCalculationServiceTests.Can_get_shopping_cart_subTotal_including_tax" runstate="Runnable" result="Passed" duration="0.013465" asserts="7" />
              <test-case id="1-1081" name="Can_get_shopping_cart_total_discount" fullname="Nop.Services.Tests.Orders.OrderTotalCalculationServiceTests.Can_get_shopping_cart_total_discount" runstate="Runnable" result="Passed" duration="0.019584" asserts="4" />
              <test-case id="1-1080" name="Can_get_shopping_cart_total_with_shipping_required" fullname="Nop.Services.Tests.Orders.OrderTotalCalculationServiceTests.Can_get_shopping_cart_total_with_shipping_required" runstate="Runnable" result="Passed" duration="0.006719" asserts="1" />
              <test-case id="1-1079" name="Can_get_shopping_cart_total_without_shipping_required" fullname="Nop.Services.Tests.Orders.OrderTotalCalculationServiceTests.Can_get_shopping_cart_total_without_shipping_required" runstate="Runnable" result="Passed" duration="0.005568" asserts="1" />
              <test-case id="1-1070" name="Can_get_shoppingCartItem_additional_shippingCharge" fullname="Nop.Services.Tests.Orders.OrderTotalCalculationServiceTests.Can_get_shoppingCartItem_additional_shippingCharge" runstate="Runnable" result="Passed" duration="0.002606" asserts="1" />
              <test-case id="1-1078" name="Can_get_tax_total" fullname="Nop.Services.Tests.Orders.OrderTotalCalculationServiceTests.Can_get_tax_total" runstate="Runnable" result="Passed" duration="0.009806" asserts="20" />
              <test-case id="1-1071" name="Shipping_should_be_free_when_all_shoppingCartItems_are_marked_as_freeShipping" fullname="Nop.Services.Tests.Orders.OrderTotalCalculationServiceTests.Shipping_should_be_free_when_all_shoppingCartItems_are_marked_as_freeShipping" runstate="Runnable" result="Passed" duration="0.003212" asserts="1" />
              <test-case id="1-1073" name="Shipping_should_be_free_when_customer_is_in_role_with_free_shipping" fullname="Nop.Services.Tests.Orders.OrderTotalCalculationServiceTests.Shipping_should_be_free_when_customer_is_in_role_with_free_shipping" runstate="Runnable" result="Passed" duration="0.003016" asserts="1" />
              <test-case id="1-1072" name="Shipping_should_not_be_free_when_some_of_shoppingCartItems_are_not_marked_as_freeShipping" fullname="Nop.Services.Tests.Orders.OrderTotalCalculationServiceTests.Shipping_should_not_be_free_when_some_of_shoppingCartItems_are_not_marked_as_freeShipping" runstate="Runnable" result="Passed" duration="0.002707" asserts="1" />
            </test-suite>
          </test-suite>
          <test-suite type="Namespace" id="1-1184" name="Payments" fullname="Nop.Services.Tests.Payments" runstate="Runnable" testcasecount="8" result="Passed" duration="0.399081" total="8" passed="0" failed="0" inconclusive="0" skipped="0" asserts="0">
            <test-suite type="TestFixture" id="1-1033" name="PaymentExtensionTests" fullname="Nop.Services.Tests.Payments.PaymentExtensionTests" runstate="Runnable" testcasecount="4" result="Passed" duration="0.339710" total="4" passed="0" failed="0" inconclusive="0" skipped="0" asserts="0">
              <test-case id="1-1034" name="Can_deserialize_empty_string" fullname="Nop.Services.Tests.Payments.PaymentExtensionTests.Can_deserialize_empty_string" runstate="Runnable" result="Passed" duration="0.001440" asserts="2" />
              <test-case id="1-1035" name="Can_deserialize_null_string" fullname="Nop.Services.Tests.Payments.PaymentExtensionTests.Can_deserialize_null_string" runstate="Runnable" result="Passed" duration="0.000342" asserts="2" />
              <test-case id="1-1037" name="Can_serialize_and_deserialize_CustomValues" fullname="Nop.Services.Tests.Payments.PaymentExtensionTests.Can_serialize_and_deserialize_CustomValues" runstate="Runnable" result="Passed" duration="0.299797" asserts="10" />
              <test-case id="1-1036" name="Can_serialize_and_deserialize_empty_CustomValues" fullname="Nop.Services.Tests.Payments.PaymentExtensionTests.Can_serialize_and_deserialize_empty_CustomValues" runstate="Runnable" result="Passed" duration="0.000647" asserts="2" />
            </test-suite>
            <test-suite type="TestFixture" id="1-1038" name="PaymentServiceTests" fullname="Nop.Services.Tests.Payments.PaymentServiceTests" runstate="Runnable" testcasecount="4" result="Passed" duration="0.027208" total="4" passed="0" failed="0" inconclusive="0" skipped="0" asserts="0">
              <test-case id="1-1042" name="Can_get_masked_credit_card_number" fullname="Nop.Services.Tests.Payments.PaymentServiceTests.Can_get_masked_credit_card_number" runstate="Runnable" result="Passed" duration="0.001547" asserts="3" />
              <test-case id="1-1041" name="Can_load_active_paymentMethods" fullname="Nop.Services.Tests.Payments.PaymentServiceTests.Can_load_active_paymentMethods" runstate="Runnable" result="Passed" duration="0.003565" asserts="2" />
              <test-case id="1-1040" name="Can_load_paymentMethod_by_systemKeyword" fullname="Nop.Services.Tests.Payments.PaymentServiceTests.Can_load_paymentMethod_by_systemKeyword" runstate="Runnable" result="Passed" duration="0.001332" asserts="1" />
              <test-case id="1-1039" name="Can_load_paymentMethods" fullname="Nop.Services.Tests.Payments.PaymentServiceTests.Can_load_paymentMethods" runstate="Runnable" result="Passed" duration="0.001140" asserts="2" />
            </test-suite>
          </test-suite>
          <test-suite type="Namespace" id="1-1182" name="Security" fullname="Nop.Services.Tests.Security" runstate="Runnable" testcasecount="2" result="Passed" duration="0.036374" total="2" passed="0" failed="0" inconclusive="0" skipped="0" asserts="0">
            <test-suite type="TestFixture" id="1-1023" name="EncryptionServiceTests" fullname="Nop.Services.Tests.Security.EncryptionServiceTests" runstate="Runnable" testcasecount="2" result="Passed" duration="0.033114" total="2" passed="0" failed="0" inconclusive="0" skipped="0" asserts="0">
              <test-case id="1-1025" name="Can_encrypt_and_decrypt" fullname="Nop.Services.Tests.Security.EncryptionServiceTests.Can_encrypt_and_decrypt" runstate="Runnable" result="Passed" duration="0.001737" asserts="1" />
              <test-case id="1-1024" name="Can_hash" fullname="Nop.Services.Tests.Security.EncryptionServiceTests.Can_hash" runstate="Runnable" result="Passed" duration="0.000536" asserts="1" />
            </test-suite>
          </test-suite>
          <test-suite type="Namespace" id="1-1183" name="Seo" fullname="Nop.Services.Tests.Seo" runstate="Runnable" testcasecount="6" result="Passed" duration="0.221066" total="6" passed="0" failed="0" inconclusive="0" skipped="0" asserts="0">
            <test-suite type="TestFixture" id="1-1026" name="SeoExtensionsTests" fullname="Nop.Services.Tests.Seo.SeoExtensionsTests" runstate="Runnable" testcasecount="6" result="Passed" duration="0.217673" total="6" passed="0" failed="0" inconclusive="0" skipped="0" asserts="0">
              <test-case id="1-1032" name="Can_allow_unicode_chars" fullname="Nop.Services.Tests.Seo.SeoExtensionsTests.Can_allow_unicode_chars" runstate="Runnable" result="Passed" duration="0.001216" asserts="2" />
              <test-case id="1-1031" name="Can_convert_non_western_chars" fullname="Nop.Services.Tests.Seo.SeoExtensionsTests.Can_convert_non_western_chars" runstate="Runnable" result="Passed" duration="0.081724" asserts="2" />
              <test-case id="1-1028" name="Should_allow_all_latin_chars" fullname="Nop.Services.Tests.Seo.SeoExtensionsTests.Should_allow_all_latin_chars" runstate="Runnable" result="Passed" duration="0.000458" asserts="1" />
              <test-case id="1-1029" name="Should_remove_illegal_chars" fullname="Nop.Services.Tests.Seo.SeoExtensionsTests.Should_remove_illegal_chars" runstate="Runnable" result="Passed" duration="0.000391" asserts="1" />
              <test-case id="1-1030" name="Should_replace_space_with_dash" fullname="Nop.Services.Tests.Seo.SeoExtensionsTests.Should_replace_space_with_dash" runstate="Runnable" result="Passed" duration="0.001497" asserts="2" />
              <test-case id="1-1027" name="Should_return_lowercase" fullname="Nop.Services.Tests.Seo.SeoExtensionsTests.Should_return_lowercase" runstate="Runnable" result="Passed" duration="0.000400" asserts="1" />
            </test-suite>
          </test-suite>
          <test-suite type="Namespace" id="1-1181" name="Shipping" fullname="Nop.Services.Tests.Shipping" runstate="Runnable" testcasecount="10" result="Passed" duration="0.140800" total="10" passed="0" failed="0" inconclusive="0" skipped="0" asserts="0">
            <test-suite type="TestFixture" id="1-1011" name="CalculateDimensionsTests" fullname="Nop.Services.Tests.Shipping.CalculateDimensionsTests" runstate="Runnable" testcasecount="6" result="Passed" duration="0.038468" total="6" passed="0" failed="0" inconclusive="0" skipped="0" asserts="0">
              <test-case id="1-1015" name="can_calculate_with_cubic_item_and_multiple_qty" fullname="Nop.Services.Tests.Shipping.CalculateDimensionsTests.can_calculate_with_cubic_item_and_multiple_qty" runstate="Runnable" result="Passed" duration="0.009058" asserts="3" />
              <test-case id="1-1016" name="can_calculate_with_multiple_items_1" fullname="Nop.Services.Tests.Shipping.CalculateDimensionsTests.can_calculate_with_multiple_items_1" runstate="Runnable" result="Passed" duration="0.001649" asserts="3" />
              <test-case id="1-1017" name="can_calculate_with_multiple_items_2" fullname="Nop.Services.Tests.Shipping.CalculateDimensionsTests.can_calculate_with_multiple_items_2" runstate="Runnable" result="Passed" duration="0.001358" asserts="3" />
              <test-case id="1-1013" name="can_calculate_with_single_item_and_qty_1_should_ignore_cubic_method" fullname="Nop.Services.Tests.Shipping.CalculateDimensionsTests.can_calculate_with_single_item_and_qty_1_should_ignore_cubic_method" runstate="Runnable" result="Passed" duration="0.001106" asserts="3" />
              <test-case id="1-1014" name="can_calculate_with_single_item_and_qty_2" fullname="Nop.Services.Tests.Shipping.CalculateDimensionsTests.can_calculate_with_single_item_and_qty_2" runstate="Runnable" result="Passed" duration="0.001112" asserts="3" />
              <test-case id="1-1012" name="should_return_zero_with_all_zero_dimensions" fullname="Nop.Services.Tests.Shipping.CalculateDimensionsTests.should_return_zero_with_all_zero_dimensions" runstate="Runnable" result="Passed" duration="0.003279" asserts="6" />
            </test-suite>
            <test-suite type="TestFixture" id="1-1018" name="ShippingServiceTests" fullname="Nop.Services.Tests.Shipping.ShippingServiceTests" runstate="Runnable" testcasecount="4" result="Passed" duration="0.069456" total="4" passed="0" failed="0" inconclusive="0" skipped="0" asserts="0">
              <test-case id="1-1022" name="Can_get_shoppingCart_totalWeight_without_attributes" fullname="Nop.Services.Tests.Shipping.ShippingServiceTests.Can_get_shoppingCart_totalWeight_without_attributes" runstate="Runnable" result="Passed" duration="0.005384" asserts="1" />
              <test-case id="1-1021" name="Can_load_active_shippingRateComputationMethods" fullname="Nop.Services.Tests.Shipping.ShippingServiceTests.Can_load_active_shippingRateComputationMethods" runstate="Runnable" result="Passed" duration="0.000962" asserts="2" />
              <test-case id="1-1020" name="Can_load_shippingRateComputationMethod_by_systemKeyword" fullname="Nop.Services.Tests.Shipping.ShippingServiceTests.Can_load_shippingRateComputationMethod_by_systemKeyword" runstate="Runnable" result="Passed" duration="0.001573" asserts="1" />
              <test-case id="1-1019" name="Can_load_shippingRateComputationMethods" fullname="Nop.Services.Tests.Shipping.ShippingServiceTests.Can_load_shippingRateComputationMethods" runstate="Runnable" result="Passed" duration="0.001266" asserts="2" />
            </test-suite>
          </test-suite>
          <test-suite type="Namespace" id="1-1180" name="Tax" fullname="Nop.Services.Tests.Tax" runstate="Runnable" testcasecount="10" result="Passed" duration="3.683742" total="10" passed="0" failed="0" inconclusive="0" skipped="0" asserts="0">
            <test-suite type="TestFixture" id="1-1000" name="TaxServiceTests" fullname="Nop.Services.Tests.Tax.TaxServiceTests" runstate="Runnable" testcasecount="10" result="Passed" duration="3.679163" total="10" passed="0" failed="0" inconclusive="0" skipped="0" asserts="0">
              <test-case id="1-1005" name="Can_check_taxExempt_customer" fullname="Nop.Services.Tests.Tax.TaxServiceTests.Can_check_taxExempt_customer" runstate="Runnable" result="Passed" duration="0.002509" asserts="2" />
              <test-case id="1-1006" name="Can_check_taxExempt_customer_in_taxExemptCustomerRole" fullname="Nop.Services.Tests.Tax.TaxServiceTests.Can_check_taxExempt_customer_in_taxExemptCustomerRole" runstate="Runnable" result="Passed" duration="0.001653" asserts="4" />
              <test-case id="1-1004" name="Can_check_taxExempt_product" fullname="Nop.Services.Tests.Tax.TaxServiceTests.Can_check_taxExempt_product" runstate="Runnable" result="Passed" duration="0.000881" asserts="2" />
              <test-case id="1-1009" name="Can_do_VAT_check" fullname="Nop.Services.Tests.Tax.TaxServiceTests.Can_do_VAT_check" runstate="Runnable" result="Passed" duration="3.649720" asserts="4" />
              <test-case id="1-1008" name="Can_get_productPrice_priceIncludesTax_includingTax_non_taxable" fullname="Nop.Services.Tests.Tax.TaxServiceTests.Can_get_productPrice_priceIncludesTax_includingTax_non_taxable" runstate="Runnable" result="Passed" duration="0.001744" asserts="4" />
              <test-case id="1-1007" name="Can_get_productPrice_priceIncludesTax_includingTax_taxable" fullname="Nop.Services.Tests.Tax.TaxServiceTests.Can_get_productPrice_priceIncludesTax_includingTax_taxable" runstate="Runnable" result="Passed" duration="0.001795" asserts="4" />
              <test-case id="1-1003" name="Can_load_active_taxProvider" fullname="Nop.Services.Tests.Tax.TaxServiceTests.Can_load_active_taxProvider" runstate="Runnable" result="Passed" duration="0.001731" asserts="1" />
              <test-case id="1-1002" name="Can_load_taxProvider_by_systemKeyword" fullname="Nop.Services.Tests.Tax.TaxServiceTests.Can_load_taxProvider_by_systemKeyword" runstate="Runnable" result="Passed" duration="0.000979" asserts="1" />
              <test-case id="1-1001" name="Can_load_taxProviders" fullname="Nop.Services.Tests.Tax.TaxServiceTests.Can_load_taxProviders" runstate="Runnable" result="Passed" duration="0.000941" asserts="2" />
              <test-case id="1-1010" name="Should_assume_valid_VAT_number_if_EuVatAssumeValid_setting_is_true" fullname="Nop.Services.Tests.Tax.TaxServiceTests.Should_assume_valid_VAT_number_if_EuVatAssumeValid_setting_is_true" runstate="Runnable" result="Passed" duration="0.002224" asserts="1" />
            </test-suite>
          </test-suite>
        </test-suite>
      </test-suite>
    </test-suite>
  </test-suite>
</test-run>